2025-11-14 20:12:09 - INFO - Cuenta 001 (Ana Gómez) - Interés ganado: +$1,700 → Saldo: $1,021,700
2025-11-14 20:12:09 - INFO - Cuenta 003 (Carlos Ruiz) - Rendimiento inversión: +$38,604 → Saldo: $5,488,604
2025-11-14 20:13:17 - INFO - Cuenta 001 (Ana Gómez) - Depósito: +$10,000 → Saldo: $1,030,000
2025-11-14 20:13:38 - INFO - Cuenta 001 (Ana Gómez) - Retiro: -$50,000 → Saldo: $980,000
2025-11-14 20:13:38 - INFO - Cuenta 003 (Carlos Ruiz) - Depósito: +$50,000 → Saldo: $5,500,000
2025-11-14 20:13:38 - INFO - Transferencia: $50,000 de 001 → 003
2025-11-14 20:20:33 - INFO - Cuenta 001 (Ana Gómez) - Retiro: -$50,000 → Saldo: $970,000
2025-11-14 20:20:33 - INFO - Cuenta 003 (Carlos Ruiz) - Depósito: +$50,000 → Saldo: $5,500,000
2025-11-14 20:20:33 - INFO - Transferencia: $50,000 de 001 → 003
2025-11-14 20:20:35 - INFO - Cuenta 001 (Ana Gómez) - Interés ganado: +$1,617 → Saldo: $971,617
2025-11-14 20:20:35 - INFO - Cuenta 003 (Carlos Ruiz) - Rendimiento inversión: +$38,958 → Saldo: $5,538,958
2025-11-14 20:23:19 - INFO - Cuenta 001 (Ana Gómez) - Retiro: -$50,000 → Saldo: $970,000
2025-11-14 20:23:19 - INFO - Cuenta 003 (Carlos Ruiz) - Depósito: +$50,000 → Saldo: $5,500,000
2025-11-14 20:23:19 - INFO - Transferencia: $50,000 de 001 → 003
2025-11-14 20:23:21 - INFO - Cuenta 001 (Ana Gómez) - Interés ganado: +$1,617 → Saldo: $971,617
2025-11-14 20:23:21 - INFO - Cuenta 003 (Carlos Ruiz) - Rendimiento inversión: +$38,958 → Saldo: $5,538,958
2025-11-14 20:25:24 - INFO - Cuenta 001 (Ana Gómez) - Retiro: -$5 → Saldo: $1,019,995
2025-11-14 20:25:24 - INFO - Cuenta 003 (Carlos Ruiz) - Depósito: +$5 → Saldo: $5,450,005
2025-11-14 20:25:24 - INFO - Transferencia: $5 de 001 → 003
2025-11-14 20:27:39 - INFO - Cuenta 003 (Carlos Ruiz) - Depósito: +$10,000 → Saldo: $5,460,000
